# JRE version: Java(TM) SE Runtime Environment (8.0_201-b09) (build 1.8.0_201-b09)
# Java VM: Java HotSpot(TM) 64-Bit Server VM (25.201-b09 mixed mode windows-amd64 compressed oops)
Heap:
 PSYoungGen      total 301568K, used 277238K [0x000000076b580000, 0x00000007b6b80000, 0x00000007c0000000)
  eden space 298496K, 91% used [0x000000076b580000,0x000000077c1aaeb8,0x000000077d900000)
  from space 3072K, 85% used [0x00000007b6880000,0x00000007b6b12a58,0x00000007b6b80000)
  to   space 8704K, 0% used [0x00000007b5a80000,0x00000007b5a80000,0x00000007b6300000)
 ParOldGen       total 173568K, used 110855K [0x00000006c2000000, 0x00000006cc980000, 0x000000076b580000)
  object space 173568K, 63% used [0x00000006c2000000,0x00000006c8c41c30,0x00000006cc980000)
 Metaspace       used 19319K, capacity 19820K, committed 19968K, reserved 1067008K
  class space    used 2333K, capacity 2456K, committed 2560K, reserved 1048576K
GC Heap History (10 events):
Event: 31.801 GC heap before
{Heap before GC invocations=30 (full 0):
 PSYoungGen      total 371712K, used 371638K [0x000000076b580000, 0x00000007b8300000, 0x00000007c0000000)
  eden space 368640K, 100% used [0x000000076b580000,0x0000000781d80000,0x0000000781d80000)
  from space 3072K, 97% used [0x00000007b7200000,0x00000007b74ed8e8,0x00000007b7500000)
  to   space 9728K, 0% used [0x00000007b7980000,0x00000007b7980000,0x00000007b8300000)
 ParOldGen       total 173568K, used 98962K [0x00000006c2000000, 0x00000006cc980000, 0x000000076b580000)
  object space 173568K, 57% used [0x00000006c2000000,0x00000006c80a4b08,0x00000006cc980000)
 Metaspace       used 19304K, capacity 19820K, committed 19968K, reserved 1067008K
  class space    used 2333K, capacity 2456K, committed 2560K, reserved 1048576K
Event: 31.805 GC heap after
Heap after GC invocations=30 (full 0):
 PSYoungGen      total 356352K, used 2832K [0x000000076b580000, 0x00000007b7c80000, 0x00000007c0000000)
  eden space 353280K, 0% used [0x000000076b580000,0x000000076b580000,0x0000000780e80000)
  from space 3072K, 92% used [0x00000007b7980000,0x00000007b7c44300,0x00000007b7c80000)
  to   space 9728K, 0% used [0x00000007b6980000,0x00000007b6980000,0x00000007b7300000)
 ParOldGen       total 173568K, used 101515K [0x00000006c2000000, 0x00000006cc980000, 0x000000076b580000)
  object space 173568K, 58% used [0x00000006c2000000,0x00000006c8322e98,0x00000006cc980000)
 Metaspace       used 19304K, capacity 19820K, committed 19968K, reserved 1067008K
  class space    used 2333K, capacity 2456K, committed 2560K, reserved 1048576K
}
Event: 32.278 GC heap before
{Heap before GC invocations=31 (full 0):
 PSYoungGen      total 356352K, used 356112K [0x000000076b580000, 0x00000007b7c80000, 0x00000007c0000000)
  eden space 353280K, 100% used [0x000000076b580000,0x0000000780e80000,0x0000000780e80000)
  from space 3072K, 92% used [0x00000007b7980000,0x00000007b7c44300,0x00000007b7c80000)
  to   space 9728K, 0% used [0x00000007b6980000,0x00000007b6980000,0x00000007b7300000)
 ParOldGen       total 173568K, used 101515K [0x00000006c2000000, 0x00000006cc980000, 0x000000076b580000)
  object space 173568K, 58% used [0x00000006c2000000,0x00000006c8322e98,0x00000006cc980000)
 Metaspace       used 19305K, capacity 19820K, committed 19968K, reserved 1067008K
  class space    used 2333K, capacity 2456K, committed 2560K, reserved 1048576K
Event: 32.281 GC heap after
Heap after GC invocations=31 (full 0):
 PSYoungGen      total 341504K, used 2788K [0x000000076b580000, 0x00000007b7a00000, 0x00000007c0000000)
  eden space 338432K, 0% used [0x000000076b580000,0x000000076b580000,0x0000000780000000)
  from space 3072K, 90% used [0x00000007b6980000,0x00000007b6c39078,0x00000007b6c80000)
  to   space 9216K, 0% used [0x00000007b7100000,0x00000007b7100000,0x00000007b7a00000)
 ParOldGen       total 173568K, used 104008K [0x00000006c2000000, 0x00000006cc980000, 0x000000076b580000)
  object space 173568K, 59% used [0x00000006c2000000,0x00000006c8592328,0x00000006cc980000)
 Metaspace       used 19305K, capacity 19820K, committed 19968K, reserved 1067008K
  class space    used 2333K, capacity 2456K, committed 2560K, reserved 1048576K
}
Event: 32.743 GC heap before
{Heap before GC invocations=32 (full 0):
 PSYoungGen      total 341504K, used 341220K [0x000000076b580000, 0x00000007b7a00000, 0x00000007c0000000)
  eden space 338432K, 100% used [0x000000076b580000,0x0000000780000000,0x0000000780000000)
  from space 3072K, 90% used [0x00000007b6980000,0x00000007b6c39078,0x00000007b6c80000)
  to   space 9216K, 0% used [0x00000007b7100000,0x00000007b7100000,0x00000007b7a00000)
 ParOldGen       total 173568K, used 104008K [0x00000006c2000000, 0x00000006cc980000, 0x000000076b580000)
  object space 173568K, 59% used [0x00000006c2000000,0x00000006c8592328,0x00000006cc980000)
 Metaspace       used 19305K, capacity 19820K, committed 19968K, reserved 1067008K
  class space    used 2333K, capacity 2456K, committed 2560K, reserved 1048576K
Event: 32.746 GC heap after
Heap after GC invocations=32 (full 0):
 PSYoungGen      total 327680K, used 2640K [0x000000076b580000, 0x00000007b7400000, 0x00000007c0000000)
  eden space 324608K, 0% used [0x000000076b580000,0x000000076b580000,0x000000077f280000)
  from space 3072K, 85% used [0x00000007b7100000,0x00000007b7394240,0x00000007b7400000)
  to   space 9216K, 0% used [0x00000007b6200000,0x00000007b6200000,0x00000007b6b00000)
 ParOldGen       total 173568K, used 106374K [0x00000006c2000000, 0x00000006cc980000, 0x000000076b580000)
  object space 173568K, 61% used [0x00000006c2000000,0x00000006c87e1818,0x00000006cc980000)
 Metaspace       used 19305K, capacity 19820K, committed 19968K, reserved 1067008K
  class space    used 2333K, capacity 2456K, committed 2560K, reserved 1048576K
}
Event: 33.422 GC heap before
{Heap before GC invocations=33 (full 0):
 PSYoungGen      total 327680K, used 327248K [0x000000076b580000, 0x00000007b7400000, 0x00000007c0000000)
  eden space 324608K, 100% used [0x000000076b580000,0x000000077f280000,0x000000077f280000)
  from space 3072K, 85% used [0x00000007b7100000,0x00000007b7394240,0x00000007b7400000)
  to   space 9216K, 0% used [0x00000007b6200000,0x00000007b6200000,0x00000007b6b00000)
 ParOldGen       total 173568K, used 106374K [0x00000006c2000000, 0x00000006cc980000, 0x000000076b580000)
  object space 173568K, 61% used [0x00000006c2000000,0x00000006c87e1818,0x00000006cc980000)
 Metaspace       used 19306K, capacity 19820K, committed 19968K, reserved 1067008K
  class space    used 2333K, capacity 2456K, committed 2560K, reserved 1048576K
Event: 33.427 GC heap after
Heap after GC invocations=33 (full 0):
 PSYoungGen      total 314368K, used 2625K [0x000000076b580000, 0x00000007b7180000, 0x00000007c0000000)
  eden space 311296K, 0% used [0x000000076b580000,0x000000076b580000,0x000000077e580000)
  from space 3072K, 85% used [0x00000007b6200000,0x00000007b6490508,0x00000007b6500000)
  to   space 9216K, 0% used [0x00000007b6880000,0x00000007b6880000,0x00000007b7180000)
 ParOldGen       total 173568K, used 108641K [0x00000006c2000000, 0x00000006cc980000, 0x000000076b580000)
  object space 173568K, 62% used [0x00000006c2000000,0x00000006c8a18798,0x00000006cc980000)
 Metaspace       used 19306K, capacity 19820K, committed 19968K, reserved 1067008K
  class space    used 2333K, capacity 2456K, committed 2560K, reserved 1048576K
}
Event: 33.867 GC heap before
{Heap before GC invocations=34 (full 0):
 PSYoungGen      total 314368K, used 313921K [0x000000076b580000, 0x00000007b7180000, 0x00000007c0000000)
  eden space 311296K, 100% used [0x000000076b580000,0x000000077e580000,0x000000077e580000)
  from space 3072K, 85% used [0x00000007b6200000,0x00000007b6490508,0x00000007b6500000)
  to   space 9216K, 0% used [0x00000007b6880000,0x00000007b6880000,0x00000007b7180000)
 ParOldGen       total 173568K, used 108641K [0x00000006c2000000, 0x00000006cc980000, 0x000000076b580000)
  object space 173568K, 62% used [0x00000006c2000000,0x00000006c8a18798,0x00000006cc980000)
 Metaspace       used 19316K, capacity 19820K, committed 19968K, reserved 1067008K
  class space    used 2333K, capacity 2456K, committed 2560K, reserved 1048576K
Event: 33.870 GC heap after
Heap after GC invocations=34 (full 0):
 PSYoungGen      total 301568K, used 2634K [0x000000076b580000, 0x00000007b6b80000, 0x00000007c0000000)
  eden space 298496K, 0% used [0x000000076b580000,0x000000076b580000,0x000000077d900000)
  from space 3072K, 85% used [0x00000007b6880000,0x00000007b6b12a58,0x00000007b6b80000)
  to   space 8704K, 0% used [0x00000007b5a80000,0x00000007b5a80000,0x00000007b6300000)
 ParOldGen       total 173568K, used 110855K [0x00000006c2000000, 0x00000006cc980000, 0x000000076b580000)
  object space 173568K, 63% used [0x00000006c2000000,0x00000006c8c41c30,0x00000006cc980000)
 Metaspace       used 19316K, capacity 19820K, committed 19968K, reserved 1067008K
  class space    used 2333K, capacity 2456K, committed 2560K, reserved 1048576K
}

